<?xml version="1.0" encoding="UTF-8"?>
<!-- Generated by org.testng.reporters.JUnitReportReporter -->
<testsuite hostname="DESKTOP-4BKBI4A" failures="0" tests="6" name="org.petstore.cucumbertest.TestRunner" time="10.801" errors="0" timestamp="2023-01-13T18:03:08 EET" skipped="0">
  <testcase classname="org.petstore.cucumbertest.TestRunner" name="runScenario" time="1.161"/>
  <system-out/>
  <testcase classname="org.petstore.cucumbertest.TestRunner" name="runScenario" time="4.198"/>
  <system-out/>
  <testcase classname="org.petstore.cucumbertest.TestRunner" name="runScenario" time="1.189"/>
  <system-out/>
  <testcase classname="org.petstore.cucumbertest.TestRunner" name="runScenario" time="0.924"/>
  <system-out/>
  <testcase classname="org.petstore.cucumbertest.TestRunner" name="runScenario" time="2.352"/>
  <system-out/>
  <testcase classname="org.petstore.cucumbertest.TestRunner" name="runScenario" time="0.977"/>
  <system-out/>
</testsuite> <!-- org.petstore.cucumbertest.TestRunner -->
