<?xml version="1.0" encoding="UTF-8"?>
<!-- Generated by org.testng.reporters.JUnitReportReporter -->
<testsuite hostname="DESKTOP-4BKBI4A" failures="0" tests="6" name="org.petstore.cucumbertest.TestRunner" time="12.739" errors="0" timestamp="2023-01-12T19:53:06 EET" skipped="0">
  <testcase classname="org.petstore.cucumbertest.TestRunner" name="runScenario" time="0.935"/>
  <system-out/>
  <testcase classname="org.petstore.cucumbertest.TestRunner" name="runScenario" time="0.991"/>
  <system-out/>
  <testcase classname="org.petstore.cucumbertest.TestRunner" name="runScenario" time="6.669"/>
  <system-out/>
  <testcase classname="org.petstore.cucumbertest.TestRunner" name="runScenario" time="1.091"/>
  <system-out/>
  <testcase classname="org.petstore.cucumbertest.TestRunner" name="runScenario" time="2.072"/>
  <system-out/>
  <testcase classname="org.petstore.cucumbertest.TestRunner" name="runScenario" time="0.981"/>
  <system-out/>
</testsuite> <!-- org.petstore.cucumbertest.TestRunner -->
